Using pre-set license
Built from '2022.2/staging' branch; Version is '2022.2.8f1 (996aee41dc57) revision 10054382'; Using compiler version '192829333'; Build Type 'Release'
OS: 'Windows 10  (10.0.19045) 64bit Enterprise' Language: 'fr' Physical Memory: 32679 MB
BatchMode: 1, IsHumanControllingUs: 0, StartBugReporterOnCrash: 0, Is64bit: 1, IsPro: 1

COMMAND LINE ARGUMENTS:
C:\Program Files\Unity\Hub\Editor\2022.2.8f1\Editor\Unity.exe
-adb2
-batchMode
-noUpm
-name
AssetImportWorker0
-projectPath
C:/Users/gamejam/Jam/CreativeJam2023
-logFile
Logs/AssetImportWorker0.log
-srvPort
65446
Successfully changed project path to: C:/Users/gamejam/Jam/CreativeJam2023
C:/Users/gamejam/Jam/CreativeJam2023
[UnityMemory] Configuration Parameters - Can be set up in boot.config
    "memorysetup-bucket-allocator-granularity=16"
    "memorysetup-bucket-allocator-bucket-count=8"
    "memorysetup-bucket-allocator-block-size=33554432"
    "memorysetup-bucket-allocator-block-count=8"
    "memorysetup-main-allocator-block-size=16777216"
    "memorysetup-thread-allocator-block-size=16777216"
    "memorysetup-gfx-main-allocator-block-size=16777216"
    "memorysetup-gfx-thread-allocator-block-size=16777216"
    "memorysetup-cache-allocator-block-size=4194304"
    "memorysetup-typetree-allocator-block-size=2097152"
    "memorysetup-profiler-bucket-allocator-granularity=16"
    "memorysetup-profiler-bucket-allocator-bucket-count=8"
    "memorysetup-profiler-bucket-allocator-block-size=33554432"
    "memorysetup-profiler-bucket-allocator-block-count=8"
    "memorysetup-profiler-allocator-block-size=16777216"
    "memorysetup-profiler-editor-allocator-block-size=1048576"
    "memorysetup-temp-allocator-size-main=16777216"
    "memorysetup-job-temp-allocator-block-size=2097152"
    "memorysetup-job-temp-allocator-block-size-background=1048576"
    "memorysetup-job-temp-allocator-reduction-small-platforms=262144"
    "memorysetup-temp-allocator-size-background-worker=32768"
    "memorysetup-temp-allocator-size-job-worker=262144"
    "memorysetup-temp-allocator-size-preload-manager=33554432"
    "memorysetup-temp-allocator-size-nav-mesh-worker=65536"
    "memorysetup-temp-allocator-size-audio-worker=65536"
    "memorysetup-temp-allocator-size-cloud-worker=32768"
    "memorysetup-temp-allocator-size-gi-baking-worker=262144"
    "memorysetup-temp-allocator-size-gfx=262144"
Player connection [4004] Host "[IP] 172.16.66.36 [Port] 0 [Flags] 2 [Guid] 3723972669 [EditorId] 3723972669 [Version] 1048832 [Id] WindowsEditor(7,N5-110-06) [Debug] 1 [PackageName] WindowsEditor [ProjectName] Editor" joined multi-casting on [225.0.0.222:54997]...

Player connection [4004] Host "[IP] 172.16.66.36 [Port] 0 [Flags] 2 [Guid] 3723972669 [EditorId] 3723972669 [Version] 1048832 [Id] WindowsEditor(7,N5-110-06) [Debug] 1 [PackageName] WindowsEditor [ProjectName] Editor" joined alternative multi-casting on [225.0.0.222:34997]...

Refreshing native plugins compatible for Editor in 0.00 ms, found 0 plugins.
Preloading 0 native plugins for Editor in 0.00 ms.
Initialize engine version: 2022.2.8f1 (996aee41dc57)
[Subsystems] Discovering subsystems at path C:/Program Files/Unity/Hub/Editor/2022.2.8f1/Editor/Data/Resources/UnitySubsystems
[Subsystems] Discovering subsystems at path C:/Users/gamejam/Jam/CreativeJam2023/Assets
GfxDevice: creating device client; threaded=0; jobified=0
Direct3D:
    Version:  Direct3D 11.0 [level 11.1]
    Renderer: NVIDIA GeForce RTX 2060 (ID=0x1f08)
    Vendor:   NVIDIA
    VRAM:     5968 MB
    Driver:   31.0.15.3734
Initialize mono
Mono path[0] = 'C:/Program Files/Unity/Hub/Editor/2022.2.8f1/Editor/Data/Managed'
Mono path[1] = 'C:/Program Files/Unity/Hub/Editor/2022.2.8f1/Editor/Data/MonoBleedingEdge/lib/mono/unityjit-win32'
Mono config path = 'C:/Program Files/Unity/Hub/Editor/2022.2.8f1/Editor/Data/MonoBleedingEdge/etc'
Using monoOptions --debugger-agent=transport=dt_socket,embedding=1,server=y,suspend=n,address=127.0.0.1:56568
Begin MonoManager ReloadAssembly
Registering precompiled unity dll's ...
Register platform support module: C:/Program Files/Unity/Hub/Editor/2022.2.8f1/Editor/Data/PlaybackEngines/WebGLSupport/UnityEditor.WebGL.Extensions.dll
Register platform support module: C:/Program Files/Unity/Hub/Editor/2022.2.8f1/Editor/Data/PlaybackEngines/AndroidPlayer/UnityEditor.Android.Extensions.dll
Register platform support module: C:/Program Files/Unity/Hub/Editor/2022.2.8f1/Editor/Data/PlaybackEngines/iOSSupport/UnityEditor.iOS.Extensions.dll
Register platform support module: C:/Program Files/Unity/Hub/Editor/2022.2.8f1/Editor/Data/PlaybackEngines/WindowsStandaloneSupport/UnityEditor.WindowsStandalone.Extensions.dll
Register platform support module: C:/Program Files/Unity/Hub/Editor/2022.2.8f1/Editor/Data/PlaybackEngines/MetroSupport/UnityEditor.UWP.Extensions.dll
Registered in 0.019319 seconds.
- Loaded All Assemblies, in  0.387 seconds
Native extension for UWP target not found
Native extension for WindowsStandalone target not found
[usbmuxd] Start listen thread
[usbmuxd] Listen thread started
Native extension for iOS target not found
Native extension for Android target not found
Android Extension - Scanning For ADB Devices 288 ms
Native extension for WebGL target not found
Mono: successfully reloaded assembly
- Finished resetting the current domain, in  0.626 seconds
Domain Reload Profiling:
	ReloadAssembly (224ms)
		BeginReloadAssembly (84ms)
			ExecutionOrderSort (0ms)
			DisableScriptedObjects (0ms)
			BackupInstance (0ms)
			ReleaseScriptingObjects (0ms)
			CreateAndSetChildDomain (1ms)
		LoadAllAssembliesAndSetupDomain (0ms)
			LoadAssemblies (82ms)
			RebuildTransferFunctionScriptingTraits (0ms)
			SetupTypeCache (149ms)
				TypeCache.Initialize (148ms)
					TypeCache.ScanAssembly (146ms)
				ResolveRequiredComponents (0ms)
		FinalizeReload (0ms)
			ReleaseScriptCaches (0ms)
			RebuildScriptCaches (0ms)
			SetupLoadedEditorAssemblies (566ms)
				LogAssemblyErrors (0ms)
				InitializePlatformSupportModulesInManaged (408ms)
				SetLoadedEditorAssemblies (4ms)
				RefreshPlugins (0ms)
				BeforeProcessingInitializeOnLoad (1ms)
				ProcessInitializeOnLoadAttributes (107ms)
				ProcessInitializeOnLoadMethodAttributes (46ms)
				AfterProcessingInitializeOnLoad (0ms)
				EditorAssembliesLoaded (0ms)
			ExecutionOrderSort2 (0ms)
			AwakeInstancesAfterBackupRestoration (0ms)
========================================================================
Worker process is ready to serve import requests
Begin MonoManager ReloadAssembly
- Loaded All Assemblies, in  0.373 seconds
Refreshing native plugins compatible for Editor in 0.00 ms, found 0 plugins.
Native extension for UWP target not found
Native extension for WindowsStandalone target not found
Native extension for iOS target not found
Native extension for Android target not found
Native extension for WebGL target not found
Mono: successfully reloaded assembly
- Finished resetting the current domain, in  0.381 seconds
Domain Reload Profiling:
	ReloadAssembly (211ms)
		BeginReloadAssembly (123ms)
			ExecutionOrderSort (0ms)
			DisableScriptedObjects (6ms)
			BackupInstance (0ms)
			ReleaseScriptingObjects (0ms)
			CreateAndSetChildDomain (20ms)
		LoadAllAssembliesAndSetupDomain (159ms)
			LoadAssemblies (68ms)
			RebuildTransferFunctionScriptingTraits (0ms)
			SetupTypeCache (146ms)
				TypeCache.Initialize (146ms)
					TypeCache.ScanAssembly (143ms)
				ResolveRequiredComponents (0ms)
		FinalizeReload (0ms)
			ReleaseScriptCaches (0ms)
			RebuildScriptCaches (0ms)
			SetupLoadedEditorAssemblies (233ms)
				LogAssemblyErrors (0ms)
				InitializePlatformSupportModulesInManaged (44ms)
				SetLoadedEditorAssemblies (4ms)
				RefreshPlugins (0ms)
				BeforeProcessingInitializeOnLoad (28ms)
				ProcessInitializeOnLoadAttributes (125ms)
				ProcessInitializeOnLoadMethodAttributes (21ms)
				AfterProcessingInitializeOnLoad (11ms)
				EditorAssembliesLoaded (0ms)
			ExecutionOrderSort2 (0ms)
			AwakeInstancesAfterBackupRestoration (6ms)
Launched and connected shader compiler UnityShaderCompiler.exe after 0.04 seconds
Refreshing native plugins compatible for Editor in 0.00 ms, found 0 plugins.
Preloading 0 native plugins for Editor in 0.00 ms.
Unloading 6 Unused Serialized files (Serialized files now loaded: 0)
Unloading 3 unused Assets / (49.8 KB). Loaded Objects now: 481.
Memory consumption went from 41.6 MB to 41.5 MB.
Total: 3.613300 ms (FindLiveObjects: 0.037000 ms CreateObjectMapping: 0.003200 ms MarkObjects: 3.486100 ms  DeleteObjects: 0.085800 ms)

AssetImportParameters requested are different than current active one (requested -> active):
  custom:video-decoder-ogg-theora: a1e56fd34408186e4bbccfd4996cb3dc -> 
  custom:container-muxer-webm: aa71ff27fc2769a1b78a27578f13a17b -> 
  custom:container-demuxer-webm: 4f35f7cbe854078d1ac9338744f61a02 -> 
  custom:video-encoder-webm-vp8: eb34c28f22e8b96e1ab97ce403110664 -> 
  custom:audio-encoder-webm-vorbis: bf7c407c2cedff20999df2af8eb42d56 -> 
  custom:framework-win-MediaFoundation: 216162199b28c13a410421893ffa2e32 -> 
  custom:container-demuxer-ogg: 62fdf1f143b41e24485cea50d1cbac27 -> 
  custom:video-decoder-webm-vp8: 9c59270c3fd7afecdb556c50c9e8de78 -> 
  custom:audio-decoder-ogg-vorbis: bf7c407c2cedff20999df2af8eb42d56 -> 
  custom:AudioImporter_EditorPlatform: d09bf68614088b80899f8185d706f6e7 -> 
========================================================================
Received Import Request.
  Time since last request: 115635.127296 seconds.
  path: Assets
  artifactKey: Guid(00000000000000001000000000000000) Importer(815301076,1909f56bfc062723c751e8b465ee728b)
Start importing Assets using Guid(00000000000000001000000000000000) Importer(815301076,1909f56bfc062723c751e8b465ee728b)  -> (artifact id: '8a4fe85251aa2e89732c359432baa2c3') in 0.002417 seconds 
Number of updated asset objects reloaded before import = 0
Number of asset objects unloaded after import = 0
========================================================================
Received Import Request.
  Time since last request: 5.684870 seconds.
  path: Assets/Scenes
  artifactKey: Guid(60a60e9e55cc1ab44bf7b2a24b9516d8) Importer(815301076,1909f56bfc062723c751e8b465ee728b)
Start importing Assets/Scenes using Guid(60a60e9e55cc1ab44bf7b2a24b9516d8) Importer(815301076,1909f56bfc062723c751e8b465ee728b)  -> (artifact id: 'f8b063b88f7c4fbc3e7bd2204b34f51e') in 0.000864 seconds 
Number of updated asset objects reloaded before import = 0
Number of asset objects unloaded after import = 0
========================================================================
Received Import Request.
  Time since last request: 10.780090 seconds.
  path: Assets/Gym1
  artifactKey: Guid(e70cd272c792c0544920c6e42dbd6dd2) Importer(815301076,1909f56bfc062723c751e8b465ee728b)
Start importing Assets/Gym1 using Guid(e70cd272c792c0544920c6e42dbd6dd2) Importer(815301076,1909f56bfc062723c751e8b465ee728b)  -> (artifact id: 'bb787d18c0eb11a732118141925d54f5') in 0.000532 seconds 
Number of updated asset objects reloaded before import = 0
Number of asset objects unloaded after import = 0
========================================================================
Received Import Request.
  Time since last request: 1.366700 seconds.
  path: Assets/Gym1 1
  artifactKey: Guid(c5c9f1063135f9747a72ad296fe29c1c) Importer(815301076,1909f56bfc062723c751e8b465ee728b)
Start importing Assets/Gym1 1 using Guid(c5c9f1063135f9747a72ad296fe29c1c) Importer(815301076,1909f56bfc062723c751e8b465ee728b)  -> (artifact id: 'd72cd64354889c11cc0098b4b71b2039') in 0.000464 seconds 
Number of updated asset objects reloaded before import = 0
Number of asset objects unloaded after import = 0
========================================================================
Received Import Request.
  Time since last request: 1.225524 seconds.
  path: Assets/Gym1 2
  artifactKey: Guid(1d2965ba4469adf4b92177d2415c0f45) Importer(815301076,1909f56bfc062723c751e8b465ee728b)
Start importing Assets/Gym1 2 using Guid(1d2965ba4469adf4b92177d2415c0f45) Importer(815301076,1909f56bfc062723c751e8b465ee728b)  -> (artifact id: '3fbc11b65a2a8ab0ff6e133d2e6558da') in 0.000541 seconds 
Number of updated asset objects reloaded before import = 0
Number of asset objects unloaded after import = 0
========================================================================
Received Import Request.
  Time since last request: 6.101400 seconds.
  path: Assets/Gym2
  artifactKey: Guid(c5c9f1063135f9747a72ad296fe29c1c) Importer(815301076,1909f56bfc062723c751e8b465ee728b)
Start importing Assets/Gym2 using Guid(c5c9f1063135f9747a72ad296fe29c1c) Importer(815301076,1909f56bfc062723c751e8b465ee728b)  -> (artifact id: '956a204ef50d9c85aae97cc6dc5f42db') in 0.000601 seconds 
Number of updated asset objects reloaded before import = 0
Number of asset objects unloaded after import = 0
========================================================================
Received Import Request.
  Time since last request: 6.822949 seconds.
  path: Assets/Gym3
  artifactKey: Guid(1d2965ba4469adf4b92177d2415c0f45) Importer(815301076,1909f56bfc062723c751e8b465ee728b)
Start importing Assets/Gym3 using Guid(1d2965ba4469adf4b92177d2415c0f45) Importer(815301076,1909f56bfc062723c751e8b465ee728b)  -> (artifact id: '66ff07b0bee23abead34d8876b9a6b71') in 0.000477 seconds 
Number of updated asset objects reloaded before import = 0
Number of asset objects unloaded after import = 0
========================================================================
Received Import Request.
  Time since last request: 11.753179 seconds.
  path: Assets/Gym1-MenuPause
  artifactKey: Guid(e70cd272c792c0544920c6e42dbd6dd2) Importer(815301076,1909f56bfc062723c751e8b465ee728b)
Start importing Assets/Gym1-MenuPause using Guid(e70cd272c792c0544920c6e42dbd6dd2) Importer(815301076,1909f56bfc062723c751e8b465ee728b)  -> (artifact id: '69fd19354254915ff01a50a85db34334') in 0.000632 seconds 
Number of updated asset objects reloaded before import = 0
Number of asset objects unloaded after import = 0
========================================================================
Received Import Request.
  Time since last request: 17.704435 seconds.
  path: Assets/Gym2-QTE
  artifactKey: Guid(c5c9f1063135f9747a72ad296fe29c1c) Importer(815301076,1909f56bfc062723c751e8b465ee728b)
Start importing Assets/Gym2-QTE using Guid(c5c9f1063135f9747a72ad296fe29c1c) Importer(815301076,1909f56bfc062723c751e8b465ee728b)  -> (artifact id: 'cbbc01930ff3208fdf0066d40bf56642') in 0.000469 seconds 
Number of updated asset objects reloaded before import = 0
Number of asset objects unloaded after import = 0
========================================================================
Received Import Request.
  Time since last request: 31.643423 seconds.
  path: Assets/Gym3-Combat
  artifactKey: Guid(1d2965ba4469adf4b92177d2415c0f45) Importer(815301076,1909f56bfc062723c751e8b465ee728b)
Start importing Assets/Gym3-Combat using Guid(1d2965ba4469adf4b92177d2415c0f45) Importer(815301076,1909f56bfc062723c751e8b465ee728b)  -> (artifact id: 'b53be95aa92422a5209198bb60074f71') in 0.000816 seconds 
Number of updated asset objects reloaded before import = 0
Number of asset objects unloaded after import = 0
========================================================================
Received Import Request.
  Time since last request: 12.026775 seconds.
  path: Assets/Gym1-MenuPause/Menu.unity
  artifactKey: Guid(d9c44bf78a0139940803444458f4cf71) Importer(815301076,1909f56bfc062723c751e8b465ee728b)
Start importing Assets/Gym1-MenuPause/Menu.unity using Guid(d9c44bf78a0139940803444458f4cf71) Importer(815301076,1909f56bfc062723c751e8b465ee728b)  -> (artifact id: 'c3eb63d3aa6a521d1a1c376f9aafccd9') in 0.000578 seconds 
Number of updated asset objects reloaded before import = 0
Number of asset objects unloaded after import = 0
========================================================================
Received Import Request.
  Time since last request: 9.964993 seconds.
  path: Assets/Gym2-QTE/QTE.unity
  artifactKey: Guid(9314eed3c1635cd49b283e98d8f66902) Importer(815301076,1909f56bfc062723c751e8b465ee728b)
Start importing Assets/Gym2-QTE/QTE.unity using Guid(9314eed3c1635cd49b283e98d8f66902) Importer(815301076,1909f56bfc062723c751e8b465ee728b)  -> (artifact id: 'e0c43f2f7471594673087ffbe164db65') in 0.000829 seconds 
Number of updated asset objects reloaded before import = 0
Number of asset objects unloaded after import = 0
========================================================================
Received Import Request.
  Time since last request: 25.097971 seconds.
  path: Assets/Gym3-Combat/Combat.unity
  artifactKey: Guid(7c6e78d76f664c14490ca405973b11f6) Importer(815301076,1909f56bfc062723c751e8b465ee728b)
Start importing Assets/Gym3-Combat/Combat.unity using Guid(7c6e78d76f664c14490ca405973b11f6) Importer(815301076,1909f56bfc062723c751e8b465ee728b)  -> (artifact id: '55225a471afd7ab50288844fd239624d') in 0.000735 seconds 
Number of updated asset objects reloaded before import = 0
Number of asset objects unloaded after import = 0
